<?xml version="1.0" encoding="UTF-8"?><testsuite errors="0" failures="1" name="com.herokuapp.booker.bookerinfo.BookingCurdTest" skipped="0" tests="5" time="5.67" timestamp="2022-06-20T21:03:16.608+01:00[Europe/London]"><testcase classname="com.herokuapp.booker.bookerinfo.BookingCurdTest" name="Test001"/><testcase classname="com.herokuapp.booker.bookerinfo.BookingCurdTest" name="Test002"/><testcase classname="com.herokuapp.booker.bookerinfo.BookingCurdTest" name="Test003"/><testcase classname="com.herokuapp.booker.bookerinfo.BookingCurdTest" name="Test004"/><testcase classname="com.herokuapp.booker.bookerinfo.BookingCurdTest" name="Test005"><failure message="1 expectation failed.&#10;Expected status code &lt;405&gt; but was &lt;404&gt;.&#10;" type="java.lang.AssertionError">1 expectation failed.
Expected status code &lt;405&gt; but was &lt;404&gt;.
</failure><system-err>1 expectation failed.
Expected status code &lt;405&gt; but was &lt;404&gt;.
&#13;
io.restassured.internal.ResponseSpecificationImpl.validateResponseIfRequired(ResponseSpecificationImpl.groovy:636)&#13;
io.restassured.internal.ResponseSpecificationImpl.statusCode(ResponseSpecificationImpl.groovy:122)&#13;
io.restassured.internal.ResponseSpecificationImpl.statusCode(ResponseSpecificationImpl.groovy:130)&#13;
io.restassured.internal.ValidatableResponseOptionsImpl.statusCode(ValidatableResponseOptionsImpl.java:117)&#13;
com.herokuapp.booker.bookerinfo.BookingCurdTest.test005(BookingCurdTest.java:75)&#13;
</system-err></testcase></testsuite>