<?xml version="1.0" encoding="UTF-8"?><testsuite errors="0" failures="0" name="End to End testing of booking data" skipped="0" tests="5" time="2.8" timestamp="2022-06-20T21:03:23.351+01:00[Europe/London]"><testcase name="Create Token for updating and deleting data"/><testcase name="Create a new booking data &amp; verify if the booking is added"/><testcase name="Verify the booking data are successfully created"/><testcase name="Update the booking data for given ID"/><testcase name="Delete the Prodct data for given ID &amp; verify the record are deleted successfully"/></testsuite>